0 info it worked if it ends with ok
1 verbose cli [ '/Users/john/.nvm/versions/node/v4.4.1/bin/node',
1 verbose cli   '/Users/john/.nvm/versions/node/v4.4.1/bin/npm',
1 verbose cli   'version',
1 verbose cli   'minor' ]
2 info using npm@3.10.6
3 info using node@v4.4.1
4 info git [ 'status', '--porcelain' ]
5 verbose stack Error: Git working directory not clean.
5 verbose stack M package.json
5 verbose stack     at /Users/john/.nvm/versions/node/v4.4.1/lib/node_modules/npm/lib/version.js:247:19
5 verbose stack     at /Users/john/.nvm/versions/node/v4.4.1/lib/node_modules/npm/lib/utils/no-progress-while-running.js:21:8
5 verbose stack     at ChildProcess.exithandler (child_process.js:204:7)
5 verbose stack     at emitTwo (events.js:87:13)
5 verbose stack     at ChildProcess.emit (events.js:172:7)
5 verbose stack     at maybeClose (internal/child_process.js:827:16)
5 verbose stack     at Socket.<anonymous> (internal/child_process.js:319:11)
5 verbose stack     at emitOne (events.js:77:13)
5 verbose stack     at Socket.emit (events.js:169:7)
5 verbose stack     at Pipe._onclose (net.js:475:12)
6 verbose cwd /Users/john/Projects/com.johnwoconnor/node-red-contrib-http-multipart
7 error Darwin 14.5.0
8 error argv "/Users/john/.nvm/versions/node/v4.4.1/bin/node" "/Users/john/.nvm/versions/node/v4.4.1/bin/npm" "version" "minor"
9 error node v4.4.1
10 error npm  v3.10.6
11 error Git working directory not clean.
11 error M package.json
12 error If you need help, you may report this error at:
12 error     <https://github.com/npm/npm/issues>
13 verbose exit [ 1, true ]
